# Incident 1 — CloudWatch log excerpt
# Source: /aws/lambda/companyx-ingest-pipeline-prod
# Time window: 2024-03-20 09:14:22 UTC – 09:14:31 UTC
#
# Context for the reader:
#   - Airflow DAG IDs follow the pattern: Pipeline_TENANT_X (production) or Pipeline_TENANT_X_DEV (non-prod)
#   - The ingest Lambda triggers a DAG run after processing each file
#   - DAG runs are triggered via POST https://{AIRFLOW_HOST}/api/v1/dags/{dagId}/dagRuns
#   - This Lambda was recently deployed to production from the dev branch
#
# Your task (Part 3): identify the root cause, how to fix it, and how to prevent it.

2024-03-20T09:14:22.341Z	INFO	[ingest] s3 event received bucket=companyx-ingest-tenant-a-production key=exports/2024-03-20/batch_0920.csv
2024-03-20T09:14:22.412Z	INFO	[ingest] downloading file key=exports/2024-03-20/batch_0920.csv
2024-03-20T09:14:22.891Z	INFO	[ingest] file downloaded bytes=84221
2024-03-20T09:14:22.893Z	INFO	[ingest] parsed rows=47
2024-03-20T09:14:22.894Z	INFO	[ingest] starting evaluation loop tenantId=tenant-a
2024-03-20T09:14:23.102Z	INFO	[ingest] evaluated contactId=contact-4821 succeeded=true
2024-03-20T09:14:23.341Z	INFO	[ingest] evaluated contactId=contact-4822 succeeded=true
2024-03-20T09:14:23.578Z	INFO	[ingest] evaluated contactId=contact-4823 succeeded=true
2024-03-20T09:14:24.112Z	INFO	[ingest] evaluated contactId=contact-4824 succeeded=true
2024-03-20T09:14:24.891Z	INFO	[ingest] batch complete attempted=47 succeeded=47 failed=0
2024-03-20T09:14:24.892Z	INFO	[airflowClient] building dag run request
2024-03-20T09:14:24.893Z	INFO	[airflowClient] stage=undefined dagId=Pipeline_TENANT_A_DEV
2024-03-20T09:14:24.894Z	INFO	[airflowClient] posting dag run dagId=Pipeline_TENANT_A_DEV
2024-03-20T09:14:25.201Z	ERROR	[airflowClient] dag run failed dagId=Pipeline_TENANT_A_DEV status=404 body={"detail":"DAG with dag_id: 'Pipeline_TENANT_A_DEV' not found"}
2024-03-20T09:14:25.202Z	ERROR	[ingest] failed to trigger downstream pipeline error=DagNotFoundError: Pipeline_TENANT_A_DEV
2024-03-20T09:14:25.203Z	INFO	[ingest] returning partial success (dag trigger failed but evaluations written)
2024-03-20T09:14:25.204Z	INFO	[ingest] summary fileName=batch_0920.csv attempted=47 succeeded=47 failed=0
