# Incident 3 — CloudWatch log excerpt
# Source: /aws/lambda/companyx-email-ingest-prod
# Time window: 2024-03-22 14:33:01 UTC – 14:33:58 UTC (first invocation)
#              2024-03-22 14:34:02 UTC – 14:34:47 UTC (retry invocation)
#
# Context for the reader:
#   - This Lambda ingests call recordings sent as email attachments
#   - Source emails are fetched, attachments extracted, uploaded to S3, then the email is marked as read
#   - S3 object keys are constructed as: {prefix}/{receivedDate}/{sanitizedSource}__{sanitizedFilename}
#   - An on-call alert fired: Kibana showed duplicate documents in the contacts index for several calls
#   - Duplicates had slightly different _id values despite representing the same recording
#
# Your task (Part 3): identify the root cause, how to fix it, and how to prevent it.

--- FIRST INVOCATION ---
2024-03-22T14:33:01.441Z	INFO	[emailIngest] processing email messageId=MSG-8812 attachments=3
2024-03-22T14:33:01.889Z	INFO	[emailIngest] uploading attachment 1/3 filename=recording_call_4491.mp3
2024-03-22T14:33:02.341Z	INFO	[emailIngest] uploaded key=audio/tenant-b/2024-03-22/noreply__recording_call_4491.mp3
2024-03-22T14:33:02.891Z	INFO	[emailIngest] uploading attachment 2/3 filename=recording_call_4492.mp3
2024-03-22T14:33:03.441Z	INFO	[emailIngest] uploaded key=audio/tenant-b/2024-03-22/noreply__recording_call_4492.mp3
2024-03-22T14:33:03.891Z	INFO	[emailIngest] marking email as read messageId=MSG-8812
2024-03-22T14:33:04.102Z	INFO	[emailIngest] email marked as read messageId=MSG-8812
2024-03-22T14:33:04.103Z	INFO	[emailIngest] uploading attachment 3/3 filename=recording_call_4493.mp3
2024-03-22T14:33:18.001Z	ERROR	[emailIngest] S3 upload failed attachment=recording_call_4493.mp3 error=RequestTimeout: socket hang up
2024-03-22T14:33:18.002Z	ERROR	[emailIngest] partial upload: 2/3 attachments written; retrying via SQS requeue

--- RETRY INVOCATION (SQS redelivery after visibility timeout) ---
2024-03-22T14:34:02.111Z	INFO	[emailIngest] processing email messageId=MSG-8812 attachments=3
2024-03-22T14:34:02.441Z	INFO	[emailIngest] email already marked as read — skipping mark-as-read step
2024-03-22T14:34:02.891Z	INFO	[emailIngest] uploading attachment 1/3 filename=recording_call_4491.mp3
2024-03-22T14:34:03.201Z	INFO	[emailIngest] uploaded key=audio/tenant-b/2024-03-22/noreply__recording_call_4491_retry1.mp3
2024-03-22T14:34:03.791Z	INFO	[emailIngest] uploading attachment 2/3 filename=recording_call_4492.mp3
2024-03-22T14:34:04.341Z	INFO	[emailIngest] uploaded key=audio/tenant-b/2024-03-22/noreply__recording_call_4492_retry1.mp3
2024-03-22T14:34:05.112Z	INFO	[emailIngest] uploading attachment 3/3 filename=recording_call_4493.mp3
2024-03-22T14:34:05.891Z	INFO	[emailIngest] uploaded key=audio/tenant-b/2024-03-22/noreply__recording_call_4493_retry1.mp3
2024-03-22T14:34:06.002Z	INFO	[emailIngest] all attachments uploaded messageId=MSG-8812
2024-03-22T14:34:06.003Z	INFO	[emailIngest] summary messageId=MSG-8812 uploaded=3 failed=0
